# JRE version: Java(TM) SE Runtime Environment (16.0.1+9) (build 16.0.1+9-24)
# Java VM: Java HotSpot(TM) 64-Bit Server VM (16.0.1+9-24, mixed mode, sharing, tiered, compressed oops, compressed class ptrs, g1 gc, windows-amd64)
GC Precious Log:
 CPUs: 2 total, 2 available
 Memory: 4094M
 Large Page Support: Disabled
 NUMA Support: Disabled
 Compressed Oops: Enabled (32-bit)
 Heap Region Size: 1M
 Heap Min Capacity: 8M
 Heap Initial Capacity: 8M
 Heap Max Capacity: 1G
 Pre-touch: Disabled
 Parallel Workers: 2
 Concurrent Workers: 1
 Concurrent Refinement Workers: 2
 Periodic GC: Disabled
Heap:
 garbage-first heap   total 8192K, used 2263K [0x00000000c0000000, 0x0000000100000000)
  region size 1024K, 2 young (2048K), 1 survivors (1024K)
 Metaspace       used 7606K, committed 7744K, reserved 1064960K
  class space    used 876K, committed 960K, reserved 1048576K
GC Heap History (8 events):
Event: 0.422 GC heap before
{Heap before GC invocations=0 (full 0):
 garbage-first heap   total 8192K, used 2048K [0x00000000c0000000, 0x0000000100000000)
  region size 1024K, 3 young (3072K), 0 survivors (0K)
 Metaspace       used 2628K, committed 2752K, reserved 1056768K
  class space    used 336K, committed 384K, reserved 1048576K
}
Event: 0.438 GC heap after
{Heap after GC invocations=1 (full 0):
 garbage-first heap   total 8192K, used 1081K [0x00000000c0000000, 0x0000000100000000)
  region size 1024K, 1 young (1024K), 1 survivors (1024K)
 Metaspace       used 2628K, committed 2752K, reserved 1056768K
  class space    used 336K, committed 384K, reserved 1048576K
}
Event: 0.542 GC heap before
{Heap before GC invocations=1 (full 0):
 garbage-first heap   total 8192K, used 2105K [0x00000000c0000000, 0x0000000100000000)
  region size 1024K, 2 young (2048K), 1 survivors (1024K)
 Metaspace       used 4547K, committed 4736K, reserved 1056768K
  class space    used 550K, committed 640K, reserved 1048576K
}
Event: 0.546 GC heap after
{Heap after GC invocations=2 (full 0):
 garbage-first heap   total 8192K, used 1616K [0x00000000c0000000, 0x0000000100000000)
  region size 1024K, 1 young (1024K), 1 survivors (1024K)
 Metaspace       used 4547K, committed 4736K, reserved 1056768K
  class space    used 550K, committed 640K, reserved 1048576K
}
Event: 0.624 GC heap before
{Heap before GC invocations=2 (full 0):
 garbage-first heap   total 8192K, used 2640K [0x00000000c0000000, 0x0000000100000000)
  region size 1024K, 2 young (2048K), 1 survivors (1024K)
 Metaspace       used 5765K, committed 5952K, reserved 1064960K
  class space    used 682K, committed 768K, reserved 1048576K
}
Event: 0.625 GC heap after
{Heap after GC invocations=3 (full 0):
 garbage-first heap   total 8192K, used 2019K [0x00000000c0000000, 0x0000000100000000)
  region size 1024K, 1 young (1024K), 1 survivors (1024K)
 Metaspace       used 5765K, committed 5952K, reserved 1064960K
  class space    used 682K, committed 768K, reserved 1048576K
}
Event: 0.722 GC heap before
{Heap before GC invocations=3 (full 0):
 garbage-first heap   total 8192K, used 3043K [0x00000000c0000000, 0x0000000100000000)
  region size 1024K, 2 young (2048K), 1 survivors (1024K)
 Metaspace       used 7351K, committed 7488K, reserved 1064960K
  class space    used 848K, committed 896K, reserved 1048576K
}
Event: 0.725 GC heap after
{Heap after GC invocations=4 (full 0):
 garbage-first heap   total 8192K, used 2263K [0x00000000c0000000, 0x0000000100000000)
  region size 1024K, 1 young (1024K), 1 survivors (1024K)
 Metaspace       used 7351K, committed 7488K, reserved 1064960K
  class space    used 848K, committed 896K, reserved 1048576K
}

